<?xml version="1.0" encoding="UTF-8"?>
<testng-results skipped="0" failed="0" total="3" passed="3">
  <reporter-output>
  </reporter-output>
  <suite name="Default suite" duration-ms="47" started-at="2019-05-31T12:50:21Z" finished-at="2019-05-31T12:50:21Z">
    <groups>
    </groups>
    <test name="Default test" duration-ms="47" started-at="2019-05-31T12:50:21Z" finished-at="2019-05-31T12:50:21Z">
      <class name="dayten.TestNG">
        <test-method status="PASS" signature="beforeSuite()[pri:0, instance:dayten.TestNG@6093dd95]" name="beforeSuite" is-config="true" duration-ms="8" started-at="2019-05-31T07:50:21Z" finished-at="2019-05-31T07:50:21Z">
          <reporter-output>
          </reporter-output>
        </test-method> <!-- beforeSuite -->
        <test-method status="PASS" signature="beforeTest()[pri:0, instance:dayten.TestNG@6093dd95]" name="beforeTest" is-config="true" duration-ms="0" started-at="2019-05-31T07:50:21Z" finished-at="2019-05-31T07:50:21Z">
          <reporter-output>
          </reporter-output>
        </test-method> <!-- beforeTest -->
        <test-method status="PASS" signature="beforeclass()[pri:0, instance:dayten.TestNG@6093dd95]" name="beforeclass" is-config="true" duration-ms="0" started-at="2019-05-31T07:50:21Z" finished-at="2019-05-31T07:50:21Z">
          <reporter-output>
          </reporter-output>
        </test-method> <!-- beforeclass -->
        <test-method status="PASS" signature="beforemethod()[pri:0, instance:dayten.TestNG@6093dd95]" name="beforemethod" is-config="true" duration-ms="3" started-at="2019-05-31T07:50:21Z" finished-at="2019-05-31T07:50:21Z">
          <reporter-output>
          </reporter-output>
        </test-method> <!-- beforemethod -->
        <test-method status="PASS" signature="firstmethod()[pri:1, instance:dayten.TestNG@6093dd95]" name="firstmethod" duration-ms="7" started-at="2019-05-31T07:50:21Z" finished-at="2019-05-31T07:50:21Z">
          <reporter-output>
          </reporter-output>
        </test-method> <!-- firstmethod -->
        <test-method status="PASS" signature="secondmethod()[pri:2, instance:dayten.TestNG@6093dd95]" name="secondmethod" duration-ms="2" started-at="2019-05-31T07:50:21Z" finished-at="2019-05-31T07:50:21Z">
          <reporter-output>
          </reporter-output>
        </test-method> <!-- secondmethod -->
        <test-method status="PASS" signature="aftermethod()[pri:0, instance:dayten.TestNG@6093dd95]" name="aftermethod" is-config="true" duration-ms="0" started-at="2019-05-31T07:50:21Z" finished-at="2019-05-31T07:50:21Z">
          <reporter-output>
          </reporter-output>
        </test-method> <!-- aftermethod -->
        <test-method status="PASS" signature="beforemethod()[pri:0, instance:dayten.TestNG@6093dd95]" name="beforemethod" is-config="true" duration-ms="0" started-at="2019-05-31T07:50:21Z" finished-at="2019-05-31T07:50:21Z">
          <reporter-output>
          </reporter-output>
        </test-method> <!-- beforemethod -->
        <test-method status="PASS" signature="beforemethod()[pri:0, instance:dayten.TestNG@6093dd95]" name="beforemethod" is-config="true" duration-ms="0" started-at="2019-05-31T07:50:21Z" finished-at="2019-05-31T07:50:21Z">
          <reporter-output>
          </reporter-output>
        </test-method> <!-- beforemethod -->
        <test-method status="PASS" signature="aftermethod()[pri:0, instance:dayten.TestNG@6093dd95]" name="aftermethod" is-config="true" duration-ms="0" started-at="2019-05-31T07:50:21Z" finished-at="2019-05-31T07:50:21Z">
          <reporter-output>
          </reporter-output>
        </test-method> <!-- aftermethod -->
        <test-method status="PASS" signature="lastmethod()[pri:3, instance:dayten.TestNG@6093dd95]" name="lastmethod" duration-ms="0" started-at="2019-05-31T07:50:21Z" finished-at="2019-05-31T07:50:21Z">
          <reporter-output>
          </reporter-output>
        </test-method> <!-- lastmethod -->
        <test-method status="PASS" signature="aftermethod()[pri:0, instance:dayten.TestNG@6093dd95]" name="aftermethod" is-config="true" duration-ms="0" started-at="2019-05-31T07:50:21Z" finished-at="2019-05-31T07:50:21Z">
          <reporter-output>
          </reporter-output>
        </test-method> <!-- aftermethod -->
        <test-method status="PASS" signature="afterclass()[pri:0, instance:dayten.TestNG@6093dd95]" name="afterclass" is-config="true" duration-ms="0" started-at="2019-05-31T07:50:21Z" finished-at="2019-05-31T07:50:21Z">
          <reporter-output>
          </reporter-output>
        </test-method> <!-- afterclass -->
        <test-method status="PASS" signature="afterTest()[pri:0, instance:dayten.TestNG@6093dd95]" name="afterTest" is-config="true" duration-ms="2" started-at="2019-05-31T07:50:21Z" finished-at="2019-05-31T07:50:21Z">
          <reporter-output>
          </reporter-output>
        </test-method> <!-- afterTest -->
        <test-method status="PASS" signature="afterSuite()[pri:0, instance:dayten.TestNG@6093dd95]" name="afterSuite" is-config="true" duration-ms="0" started-at="2019-05-31T07:50:21Z" finished-at="2019-05-31T07:50:21Z">
          <reporter-output>
          </reporter-output>
        </test-method> <!-- afterSuite -->
      </class> <!-- dayten.TestNG -->
    </test> <!-- Default test -->
  </suite> <!-- Default suite -->
</testng-results>
