<?xml version="1.0" encoding="UTF-8"?>
<!-- Generated by org.testng.reporters.JUnitXMLReporter -->
<testsuite hostname="hp" name="Default test(failed)" tests="1" failures="1" timestamp="27 May 2019 18:14:26 GMT" time="2.289" errors="0">
  <testcase name="html" time="2.257" classname="SampleTestcases.htmlUnit">
    <failure type="java.lang.NoSuchFieldError" message="DISMISS_AND_NOTIFY">
      <![CDATA[java.lang.NoSuchFieldError: DISMISS_AND_NOTIFY
	at org.openqa.selenium.htmlunit.HtmlUnitDriver.<init>(HtmlUnitDriver.java:231)
	at org.openqa.selenium.htmlunit.HtmlUnitDriver.<init>(HtmlUnitDriver.java:217)
	at org.openqa.selenium.htmlunit.HtmlUnitDriver.<init>(HtmlUnitDriver.java:207)
	at org.openqa.selenium.htmlunit.HtmlUnitDriver.<init>(HtmlUnitDriver.java:197)
	at SampleTestcases.htmlUnit.html(htmlUnit.java:26)
	at SampleTestcases.testRunner.main(testRunner.java:20)
... Removed 21 stack frames]]>
    </failure>
  </testcase> <!-- html -->
</testsuite> <!-- Default test(failed) -->
