<?xml version="1.0" encoding="UTF-8"?>
<testng-results skipped="0" failed="0" ignored="0" total="2" passed="2">
  <reporter-output>
  </reporter-output>
  <suite name="Default suite" duration-ms="42585" started-at="2019-08-16T16:20:56Z" finished-at="2019-08-16T16:21:39Z">
    <groups>
    </groups>
    <test name="Default test" duration-ms="42585" started-at="2019-08-16T16:20:56Z" finished-at="2019-08-16T16:21:39Z">
      <class name="testCases.yahooPagesTest">
        <test-method status="PASS" signature="url()[pri:1, instance:testCases.yahooPagesTest@6a41eaa2]" name="url" duration-ms="26379" started-at="2019-08-16T11:20:56Z" finished-at="2019-08-16T11:21:23Z">
          <reporter-output>
          </reporter-output>
        </test-method> <!-- url -->
        <test-method status="PASS" signature="test1()[pri:2, instance:testCases.yahooPagesTest@6a41eaa2]" name="test1" duration-ms="16146" started-at="2019-08-16T11:21:23Z" finished-at="2019-08-16T11:21:39Z">
          <reporter-output>
          </reporter-output>
        </test-method> <!-- test1 -->
      </class> <!-- testCases.yahooPagesTest -->
    </test> <!-- Default test -->
  </suite> <!-- Default suite -->
</testng-results>
