<?xml version="1.0" encoding="UTF-8"?>
<testng-results skipped="0" failed="0" ignored="0" total="1" passed="1">
  <reporter-output>
  </reporter-output>
  <suite name="Default suite" duration-ms="27787" started-at="2019-06-07T16:34:30Z" finished-at="2019-06-07T16:34:58Z">
    <groups>
    </groups>
    <test name="Default test" duration-ms="27787" started-at="2019-06-07T16:34:30Z" finished-at="2019-06-07T16:34:58Z">
      <class name="testCases.yahooPagesTest">
        <test-method status="PASS" signature="setUp()[pri:0, instance:testCases.yahooPagesTest@6eebc39e]" name="setUp" is-config="true" duration-ms="18601" started-at="2019-06-07T11:34:30Z" finished-at="2019-06-07T11:34:49Z">
          <reporter-output>
          </reporter-output>
        </test-method> <!-- setUp -->
        <test-method status="PASS" signature="test()[pri:0, instance:testCases.yahooPagesTest@6eebc39e]" name="test" duration-ms="8802" started-at="2019-06-07T11:34:49Z" finished-at="2019-06-07T11:34:58Z">
          <reporter-output>
          </reporter-output>
        </test-method> <!-- test -->
        <test-method status="PASS" signature="close()[pri:0, instance:testCases.yahooPagesTest@6eebc39e]" name="close" is-config="true" duration-ms="306" started-at="2019-06-07T11:34:58Z" finished-at="2019-06-07T11:34:58Z">
          <reporter-output>
          </reporter-output>
        </test-method> <!-- close -->
      </class> <!-- testCases.yahooPagesTest -->
    </test> <!-- Default test -->
  </suite> <!-- Default suite -->
</testng-results>
